*** Using Compiler 'V5.06 update 7 (build 960)', folder: 'D:\Keil_v5\ARM\ARMCC\Bin'
Rebuild target 'Target 1'
assembling startup_stm32f40_41xxx.s...
compiling stm32f4xx_cec.c...
compiling system_stm32f4xx.c...
compiling stm32f4xx_cryp_des.c...
compiling stm32f4xx_can.c...
compiling stm32f4xx_cryp_aes.c...
compiling stm32f4xx_crc.c...
compiling stm32f4xx_cryp_tdes.c...
compiling misc.c...
compiling stm32f4xx_adc.c...
compiling stm32f4xx_dac.c...
compiling stm32f4xx_cryp.c...
compiling stm32f4xx_dfsdm.c...
compiling stm32f4xx_fmpi2c.c...
compiling stm32f4xx_dsi.c...
compiling stm32f4xx_flash_ramfunc.c...
compiling stm32f4xx_dcmi.c...
compiling stm32f4xx_dma.c...
compiling stm32f4xx_flash.c...
compiling stm32f4xx_exti.c...
compiling stm32f4xx_dbgmcu.c...
compiling stm32f4xx_dma2d.c...
compiling stm32f4xx_fsmc.c...
compiling stm32f4xx_iwdg.c...
compiling stm32f4xx_lptim.c...
compiling stm32f4xx_hash_sha1.c...
compiling stm32f4xx_qspi.c...
compiling stm32f4xx_hash_md5.c...
compiling stm32f4xx_hash.c...
compiling stm32f4xx_gpio.c...
compiling stm32f4xx_i2c.c...
compiling stm32f4xx_pwr.c...
compiling stm32f4xx_rcc.c...
compiling stm32f4xx_ltdc.c...
compiling stm32f4xx_rng.c...
compiling stm32f4xx_spi.c...
compiling stm32f4xx_spdifrx.c...
compiling stm32f4xx_usart.c...
compiling stm32f4xx_sai.c...
compiling stm32f4xx_wwdg.c...
compiling stm32f4xx_sdio.c...
compiling stm32f4xx_syscfg.c...
compiling stm32f4xx_tim.c...
compiling main.c...
compiling bsp_HTTP.c...
compiling cJSON.c...
..\usr\cJSON\cJSON.c(352): warning:  #111-D: statement is unreachable
  	return p.buffer;
..\usr\cJSON\cJSON.c: 1 warning, 0 errors
compiling stm32f4xx_rtc.c...
compiling test.c...
compiling core_delay.c...
compiling Common.c...
compiling stm32f4xx_it.c...
compiling bsp_led.c...
compiling bsp_json.c...
compiling bsp_adc.c...
compiling bsp_debug_usart.c...
compiling bsp_esp8266_test.c...
compiling bsp_esp8266.c...
linking...
Program Size: Code=12688 RO-data=724 RW-data=64 ZI-data=17408  
".\Objects\SignalMonitor.axf" - 0 Error(s), 1 Warning(s).
Build Time Elapsed:  00:00:13
